#
# A fatal error has been detected by the Java Runtime Environment:
#
#  EXCEPTION_ACCESS_VIOLATION (0xc0000005) at pc=0x0000000069b4c849, pid=7640, tid=0x000000000000160c
#
# JRE version: Java(TM) SE Runtime Environment (8.0_162-b12) (build 1.8.0_162-b12)
# Java VM: Java HotSpot(TM) 64-Bit Server VM (25.162-b12 mixed mode windows-amd64 compressed oops)
# Problematic frame:
# C  [glass.dll+0x1c849]
#
# Failed to write core dump. Minidumps are not enabled by default on client versions of Windows
#
# If you would like to submit a bug report, please visit:
#   http://bugreport.java.com/bugreport/crash.jsp
# The crash happened outside the Java Virtual Machine in native code.
# See problematic frame for where to report the bug.
#

---------------  T H R E A D  ---------------

Current thread (0x00000000196b1000):  JavaThread "JavaFX Application Thread" [_thread_in_native, id=5644, stack(0x000000001a260000,0x000000001a360000)]

siginfo: ExceptionCode=0xc0000005, reading address 0x0000000022182eb8

Registers:
RAX=0x0000000000000000, RBX=0x0000000022182db0, RCX=0x241a186ee2930000, RDX=0x00000000196a8c80
RSP=0x000000001a35d880, RBP=0x000000001a35d8d9, RSI=0x0000000000000100, RDI=0x0000000022182db0
R8 =0x000000000000000c, R9 =0x000000001972fe20, R10=0x0000000016cdb210, R11=0x000000001a35d690
R12=0x00000000000508da, R13=0x0000000000000100, R14=0x000000000000000d, R15=0x00000000001c0001
RIP=0x0000000069b4c849, EFLAGS=0x0000000000010206

Top of Stack: (sp=0x000000001a35d880)
0x000000001a35d880:   0000000000000000 0000000022182db0
0x000000001a35d890:   0000000000000000 0000000000000000
0x000000001a35d8a0:   00000000001c0001 0000000000000000
0x000000001a35d8b0:   0001000000000000 000000001a35d8c0
0x000000001a35d8c0:   0000d27a00180016 0000000000000000
0x000000001a35d8d0:   0000000000000000 000000000000000d
0x000000001a35d8e0:   000000000000001c 0000241a025b3a13
0x000000001a35d8f0:   0000000069b585c0 0000000000000100
0x000000001a35d900:   00000000000508da 0000000022182db0
0x000000001a35d910:   0000000000000000 00000000001c0001
0x000000001a35d920:   00000000000508da 0000000000000100
0x000000001a35d930:   000000000000000d 0000000069b31848
0x000000001a35d940:   000000000000000d 0000000000000100
0x000000001a35d950:   0000000000000001 0000000000000007
0x000000001a35d960:   0000000000000000 00007ff8fb0fb85d
0x000000001a35d970:   0000000000000001 000000001a35dc28 

Instructions: (pc=0x0000000069b4c849)
0x0000000069b4c829:   00 00 0f 84 75 03 00 00 48 8b 57 08 48 8d 4f 28
0x0000000069b4c839:   4d 8b ce 4c 89 7c 24 20 44 8b c6 e8 d7 38 00 00
0x0000000069b4c849:   48 83 bf 08 01 00 00 00 0f 85 48 fd ff ff 49 83
0x0000000069b4c859:   fe 12 0f 84 45 03 00 00 49 83 fe 79 0f 85 34 fd 


Register to memory mapping:

RAX=0x0000000000000000 is an unknown value
RBX=0x0000000022182db0 is an unknown value
RCX=0x241a186ee2930000 is an unknown value
RDX=0x00000000196a8c80 is an unknown value
RSP=0x000000001a35d880 is pointing into the stack for thread: 0x00000000196b1000
RBP=0x000000001a35d8d9 is pointing into the stack for thread: 0x00000000196b1000
RSI=0x0000000000000100 is an unknown value
RDI=0x0000000022182db0 is an unknown value
R8 =0x000000000000000c is an unknown value
R9 =0x000000001972fe20 is an unknown value
R10={method} {0x0000000016cdb218} 'notifyKey' '(II[CI)V' in 'com/sun/glass/ui/View'
R11=0x000000001a35d690 is pointing into the stack for thread: 0x00000000196b1000
R12=0x00000000000508da is an unknown value
R13=0x0000000000000100 is an unknown value
R14=0x000000000000000d is an unknown value
R15=0x00000000001c0001 is an unknown value


Stack: [0x000000001a260000,0x000000001a360000],  sp=0x000000001a35d880,  free space=1014k
Native frames: (J=compiled Java code, j=interpreted, Vv=VM code, C=native code)
C  [glass.dll+0x1c849]
C  [glass.dll+0x1848]
C  [USER32.dll+0xb85d]
C  [USER32.dll+0xb1ef]
C  [glass.dll+0xa001]
C  0x0000000004b51df0

Java frames: (J=compiled Java code, j=interpreted, Vv=VM code)
j  com.sun.glass.ui.win.WinApplication._enterNestedEventLoopImpl()Ljava/lang/Object;+0
j  com.sun.glass.ui.win.WinApplication._enterNestedEventLoop()Ljava/lang/Object;+15
j  com.sun.glass.ui.Application.enterNestedEventLoop()Ljava/lang/Object;+14
j  com.sun.glass.ui.EventLoop.enter()Ljava/lang/Object;+42
j  com.sun.javafx.tk.quantum.QuantumToolkit.enterNestedEventLoop(Ljava/lang/Object;)Ljava/lang/Object;+107
j  javafx.stage.Stage.showAndWait()V+93
j  javafx.scene.control.HeavyweightDialog.showAndWait()V+22
j  javafx.scene.control.Dialog.showAndWait()Ljava/util/Optional;+88
j  sample.InitWindowController$4.lambda$call$1(Ljavafx/beans/property/BooleanProperty;Ljavafx/beans/property/BooleanProperty;)V+156
j  sample.InitWindowController$4$$Lambda$239.run()V+12
j  com.sun.javafx.application.PlatformImpl.lambda$null$172(Ljava/lang/Runnable;)Ljava/lang/Void;+1
j  com.sun.javafx.application.PlatformImpl$$Lambda$49.run()Ljava/lang/Object;+4
v  ~StubRoutines::call_stub
j  java.security.AccessController.doPrivileged(Ljava/security/PrivilegedAction;Ljava/security/AccessControlContext;)Ljava/lang/Object;+0
j  com.sun.javafx.application.PlatformImpl.lambda$runLater$173(Ljava/lang/Runnable;Ljava/security/AccessControlContext;)V+7
j  com.sun.javafx.application.PlatformImpl$$Lambda$47.run()V+8
j  com.sun.glass.ui.InvokeLaterDispatcher$Future.run()V+4
v  ~StubRoutines::call_stub
j  com.sun.glass.ui.win.WinApplication._runLoop(Ljava/lang/Runnable;)V+0
j  com.sun.glass.ui.win.WinApplication.lambda$null$147(ILjava/lang/Runnable;)V+8
j  com.sun.glass.ui.win.WinApplication$$Lambda$37.run()V+12
j  java.lang.Thread.run()V+11
v  ~StubRoutines::call_stub

---------------  P R O C E S S  ---------------

Java Threads: ( => current thread )
  0x0000000019a13000 JavaThread "Prism Font Disposer" daemon [_thread_blocked, id=5384, stack(0x0000000021660000,0x0000000021760000)]
  0x00000000198ff000 JavaThread "Thread-6" daemon [_thread_blocked, id=7328, stack(0x000000001f1f0000,0x000000001f2f0000)]
  0x00000000199bc000 JavaThread "Thread-5" daemon [_thread_blocked, id=10100, stack(0x000000001f0f0000,0x000000001f1f0000)]
  0x0000000019b3e800 JavaThread "Thread-4" daemon [_thread_blocked, id=6948, stack(0x000000001eff0000,0x000000001f0f0000)]
  0x0000000019793800 JavaThread "Thread-3" daemon [_thread_in_native, id=6004, stack(0x000000001e8f0000,0x000000001e9f0000)]
  0x0000000019790800 JavaThread "JavaFX-Launcher" [_thread_blocked, id=4976, stack(0x000000001e9f0000,0x000000001eaf0000)]
=>0x00000000196b1000 JavaThread "JavaFX Application Thread" [_thread_in_native, id=5644, stack(0x000000001a260000,0x000000001a360000)]
  0x00000000196b0000 JavaThread "Thread-1" daemon [_thread_blocked, id=1968, stack(0x000000001a160000,0x000000001a260000)]
  0x00000000196be800 JavaThread "QuantumRenderer-0" daemon [_thread_blocked, id=4556, stack(0x0000000019ea0000,0x0000000019fa0000)]
  0x0000000018c43800 JavaThread "Service Thread" daemon [_thread_blocked, id=9808, stack(0x00000000192b0000,0x00000000193b0000)]
  0x0000000018ca5800 JavaThread "C1 CompilerThread2" daemon [_thread_blocked, id=1140, stack(0x00000000191b0000,0x00000000192b0000)]
  0x0000000018ca4800 JavaThread "C2 CompilerThread1" daemon [_thread_blocked, id=2876, stack(0x00000000190b0000,0x00000000191b0000)]
  0x00000000171ad000 JavaThread "C2 CompilerThread0" daemon [_thread_blocked, id=5800, stack(0x0000000018fb0000,0x00000000190b0000)]
  0x000000001716a800 JavaThread "JDWP Command Reader" daemon [_thread_in_native, id=9128, stack(0x0000000018ab0000,0x0000000018bb0000)]
  0x0000000017167800 JavaThread "JDWP Event Helper Thread" daemon [_thread_blocked, id=5276, stack(0x00000000189b0000,0x0000000018ab0000)]
  0x0000000017155800 JavaThread "JDWP Transport Listener: dt_socket" daemon [_thread_blocked, id=6188, stack(0x00000000188b0000,0x00000000189b0000)]
  0x0000000017159800 JavaThread "Attach Listener" daemon [_thread_blocked, id=8692, stack(0x00000000187b0000,0x00000000188b0000)]
  0x0000000017158800 JavaThread "Signal Dispatcher" daemon [_thread_blocked, id=10120, stack(0x00000000186b0000,0x00000000187b0000)]
  0x000000001713a800 JavaThread "Finalizer" daemon [_thread_blocked, id=4084, stack(0x00000000183c0000,0x00000000184c0000)]
  0x0000000017119000 JavaThread "Reference Handler" daemon [_thread_blocked, id=1404, stack(0x00000000182c0000,0x00000000183c0000)]
  0x0000000004a32800 JavaThread "main" [_thread_blocked, id=3472, stack(0x0000000004830000,0x0000000004930000)]

Other Threads:
  0x0000000017116800 VMThread [stack: 0x00000000181c0000,0x00000000182c0000] [id=3996]
  0x0000000018d30800 WatcherThread [stack: 0x00000000193b0000,0x00000000194b0000] [id=1516]

VM state:not at safepoint (normal execution)

VM Mutex/Monitor currently owned by a thread: None

Heap:
 PSYoungGen      total 18944K, used 18430K [0x00000000eb100000, 0x00000000ec600000, 0x0000000100000000)
  eden space 16384K, 97% used [0x00000000eb100000,0x00000000ec085b80,0x00000000ec100000)
  from space 2560K, 99% used [0x00000000ec380000,0x00000000ec5f9f50,0x00000000ec600000)
  to   space 2560K, 0% used [0x00000000ec100000,0x00000000ec100000,0x00000000ec380000)
 ParOldGen       total 44032K, used 1304K [0x00000000c1200000, 0x00000000c3d00000, 0x00000000eb100000)
  object space 44032K, 2% used [0x00000000c1200000,0x00000000c1346040,0x00000000c3d00000)
 Metaspace       used 17246K, capacity 18236K, committed 18304K, reserved 1064960K
  class space    used 2443K, capacity 2651K, committed 2688K, reserved 1048576K

Card table byte_map: [0x0000000013ef0000,0x00000000140f0000] byte_map_base: 0x00000000138e7000

Marking Bits: (ParMarkBitMap*) 0x000000006a500860
 Begin Bits: [0x0000000014640000, 0x00000000155f8000)
 End Bits:   [0x00000000155f8000, 0x00000000165b0000)

Polling page: 0x0000000002f40000

CodeCache: size=245760Kb used=5689Kb max_used=5689Kb free=240071Kb
 bounds [0x0000000004b30000, 0x00000000050d0000, 0x0000000013b30000]
 total_blobs=2336 nmethods=1688 adapters=568
 compilation: enabled

Compilation events (10 events):
Event: 10.801 Thread 0x0000000018ca5800 1684       3       sun.invoke.util.BytecodeDescriptor::unparseMethod (68 bytes)
Event: 10.804 Thread 0x0000000018ca5800 nmethod 1684 0x00000000050bd090 code [0x00000000050bd340, 0x00000000050be678]
Event: 10.804 Thread 0x0000000018ca5800 1686       3       jdk.internal.org.objectweb.asm.ClassWriter::visit (121 bytes)
Event: 10.805 Thread 0x0000000018ca5800 nmethod 1686 0x00000000050bf290 code [0x00000000050bf460, 0x00000000050bfb58]
Event: 10.805 Thread 0x0000000018ca5800 1685       3       jdk.internal.org.objectweb.asm.ClassVisitor::<init> (35 bytes)
Event: 10.806 Thread 0x0000000018ca5800 nmethod 1685 0x00000000050c0050 code [0x00000000050c01e0, 0x00000000050c0508]
Event: 10.808 Thread 0x0000000018ca5800 1688       3       java.util.HashMap$HashIterator::<init> (79 bytes)
Event: 10.809 Thread 0x0000000018ca5800 nmethod 1688 0x00000000050c0650 code [0x00000000050c07c0, 0x00000000050c0b50]
Event: 10.809 Thread 0x0000000018ca5800 1687       3       javafx.scene.Node::sceneProperty (8 bytes)
Event: 10.809 Thread 0x0000000018ca5800 nmethod 1687 0x00000000050c0cd0 code [0x00000000050c0e60, 0x00000000050c1390]

GC Heap History (4 events):
Event: 1.424 GC heap before
{Heap before GC invocations=1 (full 0):
 PSYoungGen      total 18944K, used 16384K [0x00000000eb100000, 0x00000000ec600000, 0x0000000100000000)
  eden space 16384K, 100% used [0x00000000eb100000,0x00000000ec100000,0x00000000ec100000)
  from space 2560K, 0% used [0x00000000ec380000,0x00000000ec380000,0x00000000ec600000)
  to   space 2560K, 0% used [0x00000000ec100000,0x00000000ec100000,0x00000000ec380000)
 ParOldGen       total 44032K, used 0K [0x00000000c1200000, 0x00000000c3d00000, 0x00000000eb100000)
  object space 44032K, 0% used [0x00000000c1200000,0x00000000c1200000,0x00000000c3d00000)
 Metaspace       used 8231K, capacity 8514K, committed 8832K, reserved 1056768K
  class space    used 967K, capacity 1067K, committed 1152K, reserved 1048576K
Event: 1.428 GC heap after
Heap after GC invocations=1 (full 0):
 PSYoungGen      total 18944K, used 2115K [0x00000000eb100000, 0x00000000ec600000, 0x0000000100000000)
  eden space 16384K, 0% used [0x00000000eb100000,0x00000000eb100000,0x00000000ec100000)
  from space 2560K, 82% used [0x00000000ec100000,0x00000000ec310e60,0x00000000ec380000)
  to   space 2560K, 0% used [0x00000000ec380000,0x00000000ec380000,0x00000000ec600000)
 ParOldGen       total 44032K, used 8K [0x00000000c1200000, 0x00000000c3d00000, 0x00000000eb100000)
  object space 44032K, 0% used [0x00000000c1200000,0x00000000c1202000,0x00000000c3d00000)
 Metaspace       used 8231K, capacity 8514K, committed 8832K, reserved 1056768K
  class space    used 967K, capacity 1067K, committed 1152K, reserved 1048576K
}
Event: 2.528 GC heap before
{Heap before GC invocations=2 (full 0):
 PSYoungGen      total 18944K, used 18499K [0x00000000eb100000, 0x00000000ec600000, 0x0000000100000000)
  eden space 16384K, 100% used [0x00000000eb100000,0x00000000ec100000,0x00000000ec100000)
  from space 2560K, 82% used [0x00000000ec100000,0x00000000ec310e60,0x00000000ec380000)
  to   space 2560K, 0% used [0x00000000ec380000,0x00000000ec380000,0x00000000ec600000)
 ParOldGen       total 44032K, used 8K [0x00000000c1200000, 0x00000000c3d00000, 0x00000000eb100000)
  object space 44032K, 0% used [0x00000000c1200000,0x00000000c1202000,0x00000000c3d00000)
 Metaspace       used 13682K, capacity 14226K, committed 14336K, reserved 1060864K
  class space    used 1880K, capacity 2036K, committed 2048K, reserved 1048576K
Event: 2.544 GC heap after
Heap after GC invocations=2 (full 0):
 PSYoungGen      total 18944K, used 2535K [0x00000000eb100000, 0x00000000ec600000, 0x0000000100000000)
  eden space 16384K, 0% used [0x00000000eb100000,0x00000000eb100000,0x00000000ec100000)
  from space 2560K, 99% used [0x00000000ec380000,0x00000000ec5f9f50,0x00000000ec600000)
  to   space 2560K, 0% used [0x00000000ec100000,0x00000000ec100000,0x00000000ec380000)
 ParOldGen       total 44032K, used 1304K [0x00000000c1200000, 0x00000000c3d00000, 0x00000000eb100000)
  object space 44032K, 2% used [0x00000000c1200000,0x00000000c1346040,0x00000000c3d00000)
 Metaspace       used 13682K, capacity 14226K, committed 14336K, reserved 1060864K
  class space    used 1880K, capacity 2036K, committed 2048K, reserved 1048576K
}

Deoptimization events (10 events):
Event: 3.132 Thread 0x00000000196b1000 Uncommon trap: reason=unstable_if action=reinterpret pc=0x0000000004cd69c0 method=java.lang.CharacterData.of(I)Ljava/lang/CharacterData; @ 4
Event: 7.438 Thread 0x0000000019b3e800 Uncommon trap: reason=class_check action=maybe_recompile pc=0x0000000004f1c548 method=java.util.HashMap.putVal(ILjava/lang/Object;Ljava/lang/Object;ZZ)Ljava/lang/Object; @ 253
Event: 8.633 Thread 0x00000000196b1000 Uncommon trap: reason=unstable_if action=reinterpret pc=0x0000000004fef778 method=com.sun.javafx.css.BitSet.add(Ljava/lang/Object;)Z @ 91
Event: 8.634 Thread 0x00000000196b1000 Uncommon trap: reason=unstable_if action=reinterpret pc=0x0000000004f16700 method=java.io.ByteArrayInputStream.read()I @ 8
Event: 8.662 Thread 0x00000000196b1000 Uncommon trap: reason=unstable_if action=reinterpret pc=0x0000000004f03914 method=java.util.HashMap.isEmpty()Z @ 4
Event: 8.665 Thread 0x00000000196b1000 Uncommon trap: reason=class_check action=maybe_recompile pc=0x0000000004f201ec method=java.io.FilterInputStream.read()I @ 4
Event: 8.665 Thread 0x00000000196b1000 Uncommon trap: reason=class_check action=maybe_recompile pc=0x0000000004f201ec method=java.io.FilterInputStream.read()I @ 4
Event: 8.666 Thread 0x00000000196b1000 Uncommon trap: reason=class_check action=maybe_recompile pc=0x0000000004f201ec method=java.io.FilterInputStream.read()I @ 4
Event: 8.666 Thread 0x00000000196b1000 Uncommon trap: reason=class_check action=maybe_recompile pc=0x0000000004f201ec method=java.io.FilterInputStream.read()I @ 4
Event: 8.716 Thread 0x00000000196b1000 Uncommon trap: reason=unstable_if action=reinterpret pc=0x0000000004ec1728 method=jdk.internal.org.objectweb.asm.Type.getArgumentsAndReturnSizes(Ljava/lang/String;)I @ 47

Classes redefined (0 events):
No events

Internal exceptions (10 events):
Event: 0.777 Thread 0x0000000004a32800 Exception <a 'java/lang/NullPointerException'> (0x00000000eb5a6380) thrown at [C:\re\workspace\8-2-build-windows-amd64-cygwin\jdk8u162\10278\hotspot\src\share\vm\interpreter\linkResolver.cpp, line 1185]
Event: 0.817 Thread 0x0000000004a32800 Implicit null exception at 0x0000000004c34118 to 0x0000000004c3437d
Event: 1.501 Thread 0x00000000196b1000 Exception <a 'java/lang/NullPointerException'> (0x00000000eb3523c0) thrown at [C:\re\workspace\8-2-build-windows-amd64-cygwin\jdk8u162\10278\hotspot\src\share\vm\interpreter\linkResolver.cpp, line 1185]
Event: 1.501 Thread 0x00000000196b1000 Exception <a 'java/lang/NullPointerException'> (0x00000000eb3523c0) thrown at [C:\re\workspace\8-2-build-windows-amd64-cygwin\jdk8u162\10278\hotspot\src\share\vm\prims\jvm.cpp, line 1394]
Event: 1.577 Thread 0x00000000196b1000 Exception <a 'java/lang/ArrayIndexOutOfBoundsException': 78> (0x00000000eb516c60) thrown at [C:\re\workspace\8-2-build-windows-amd64-cygwin\jdk8u162\10278\hotspot\src\share\vm\interpreter\interpreterRuntime.cpp, line 366]
Event: 1.579 Thread 0x00000000196b1000 Exception <a 'java/lang/ArrayIndexOutOfBoundsException': 18> (0x00000000eb51bb08) thrown at [C:\re\workspace\8-2-build-windows-amd64-cygwin\jdk8u162\10278\hotspot\src\share\vm\interpreter\interpreterRuntime.cpp, line 366]
Event: 1.580 Thread 0x00000000196b1000 Exception <a 'java/lang/ArrayIndexOutOfBoundsException': 86> (0x00000000eb51d9b0) thrown at [C:\re\workspace\8-2-build-windows-amd64-cygwin\jdk8u162\10278\hotspot\src\share\vm\interpreter\interpreterRuntime.cpp, line 366]
Event: 1.586 Thread 0x00000000196b1000 Exception <a 'java/lang/ArrayIndexOutOfBoundsException'> (0x00000000eb536048) thrown at [C:\re\workspace\8-2-build-windows-amd64-cygwin\jdk8u162\10278\hotspot\src\share\vm\runtime\sharedRuntime.cpp, line 605]
Event: 1.791 Thread 0x00000000196b1000 Exception <a 'java/lang/ArrayIndexOutOfBoundsException'> (0x00000000eb9c87b0) thrown at [C:\re\workspace\8-2-build-windows-amd64-cygwin\jdk8u162\10278\hotspot\src\share\vm\runtime\sharedRuntime.cpp, line 605]
Event: 2.076 Thread 0x00000000196b1000 Implicit null exception at 0x0000000004de64b4 to 0x0000000004de6725

Events (10 events):
Event: 10.801 loading class com/sun/javafx/tk/quantum/WindowStage
Event: 10.801 loading class com/sun/javafx/tk/quantum/WindowStage done
Event: 10.802 loading class com/sun/prism/GraphicsResource
Event: 10.802 loading class com/sun/prism/GraphicsResource done
Event: 10.802 loading class com/sun/prism/GraphicsResource
Event: 10.802 loading class com/sun/prism/GraphicsResource done
Event: 10.803 loading class com/sun/javafx/tk/quantum/ViewScene
Event: 10.803 loading class com/sun/javafx/tk/quantum/ViewScene done
Event: 10.805 loading class com/sun/javafx/tk/quantum/WindowStage
Event: 10.805 loading class com/sun/javafx/tk/quantum/WindowStage done


Dynamic libraries:
0x00007ff684c40000 - 0x00007ff684c77000 	C:\Program Files\Java\jdk1.8.0_162\bin\java.exe
0x00007ff8fb4e0000 - 0x00007ff8fb6c0000 	C:\Windows\SYSTEM32\ntdll.dll
0x00007ff8f8b90000 - 0x00007ff8f8c3e000 	C:\Windows\System32\KERNEL32.DLL
0x00007ff8f8370000 - 0x00007ff8f85d6000 	C:\Windows\System32\KERNELBASE.dll
0x00007ff8f8fc0000 - 0x00007ff8f9061000 	C:\Windows\System32\ADVAPI32.dll
0x00007ff8fb2b0000 - 0x00007ff8fb34d000 	C:\Windows\System32\msvcrt.dll
0x00007ff8fb000000 - 0x00007ff8fb05b000 	C:\Windows\System32\sechost.dll
0x00007ff8fb350000 - 0x00007ff8fb46f000 	C:\Windows\System32\RPCRT4.dll
0x00007ff8fb0f0000 - 0x00007ff8fb27f000 	C:\Windows\System32\USER32.dll
0x00007ff8f8030000 - 0x00007ff8f8050000 	C:\Windows\System32\win32u.dll
0x00007ff8fb480000 - 0x00007ff8fb4a8000 	C:\Windows\System32\GDI32.dll
0x00007ff8f8640000 - 0x00007ff8f87d3000 	C:\Windows\System32\gdi32full.dll
0x00007ff8f82d0000 - 0x00007ff8f836b000 	C:\Windows\System32\msvcp_win.dll
0x00007ff8f8050000 - 0x00007ff8f8146000 	C:\Windows\System32\ucrtbase.dll
0x00007ff8eafa0000 - 0x00007ff8eb209000 	C:\Windows\WinSxS\amd64_microsoft.windows.common-controls_6595b64144ccf1df_6.0.16299.192_none_15c8cdae9364c23b\COMCTL32.dll
0x00007ff8f8cb0000 - 0x00007ff8f8fb8000 	C:\Windows\System32\combase.dll
0x00007ff8f8200000 - 0x00007ff8f8272000 	C:\Windows\System32\bcryptPrimitives.dll
0x00007ff8fb280000 - 0x00007ff8fb2ad000 	C:\Windows\System32\IMM32.DLL
0x000000006a580000 - 0x000000006a651000 	C:\Program Files\Java\jdk1.8.0_162\jre\bin\msvcr100.dll
0x0000000069ce0000 - 0x000000006a580000 	C:\Program Files\Java\jdk1.8.0_162\jre\bin\server\jvm.dll
0x00007ff8f9070000 - 0x00007ff8f9078000 	C:\Windows\System32\PSAPI.DLL
0x00007ff8f64f0000 - 0x00007ff8f64f9000 	C:\Windows\SYSTEM32\WSOCK32.dll
0x00007ff8f5840000 - 0x00007ff8f5863000 	C:\Windows\SYSTEM32\WINMM.dll
0x00007ff8fb080000 - 0x00007ff8fb0ec000 	C:\Windows\System32\WS2_32.dll
0x00007ff8eb220000 - 0x00007ff8eb22a000 	C:\Windows\SYSTEM32\VERSION.dll
0x00007ff8f57e0000 - 0x00007ff8f580a000 	C:\Windows\SYSTEM32\WINMMBASE.dll
0x00007ff8f8280000 - 0x00007ff8f82ca000 	C:\Windows\System32\cfgmgr32.dll
0x0000000069cd0000 - 0x0000000069cdf000 	C:\Program Files\Java\jdk1.8.0_162\jre\bin\verify.dll
0x0000000069ca0000 - 0x0000000069cc9000 	C:\Program Files\Java\jdk1.8.0_162\jre\bin\java.dll
0x0000000069c00000 - 0x0000000069c35000 	C:\Program Files\Java\jdk1.8.0_162\jre\bin\jdwp.dll
0x0000000069bf0000 - 0x0000000069bf8000 	C:\Program Files\Java\jdk1.8.0_162\jre\bin\npt.dll
0x0000000069bc0000 - 0x0000000069be3000 	C:\Program Files\Java\jdk1.8.0_162\jre\bin\instrument.dll
0x0000000069c80000 - 0x0000000069c96000 	C:\Program Files\Java\jdk1.8.0_162\jre\bin\zip.dll
0x00007ff8f9340000 - 0x00007ff8fa776000 	C:\Windows\System32\SHELL32.dll
0x00007ff8f8ae0000 - 0x00007ff8f8b86000 	C:\Windows\System32\shcore.dll
0x00007ff8f78e0000 - 0x00007ff8f8027000 	C:\Windows\System32\windows.storage.dll
0x00007ff8face0000 - 0x00007ff8fad31000 	C:\Windows\System32\shlwapi.dll
0x00007ff8f7850000 - 0x00007ff8f7861000 	C:\Windows\System32\kernel.appcore.dll
0x00007ff8f7890000 - 0x00007ff8f78dc000 	C:\Windows\System32\powrprof.dll
0x00007ff8f7870000 - 0x00007ff8f788b000 	C:\Windows\System32\profapi.dll
0x0000000069bb0000 - 0x0000000069bb9000 	C:\Program Files\Java\jdk1.8.0_162\jre\bin\dt_socket.dll
0x00007ff8f70c0000 - 0x00007ff8f7126000 	C:\Windows\system32\mswsock.dll
0x0000000002fc0000 - 0x0000000002fc3000 	C:\Program Files\Java\jdk1.8.0_162\jre\bin\api-ms-win-core-console-l1-1-0.dll
0x0000000002fe0000 - 0x0000000002fe3000 	C:\Program Files\Java\jdk1.8.0_162\jre\bin\api-ms-win-core-datetime-l1-1-0.dll
0x0000000002ff0000 - 0x0000000002ff3000 	C:\Program Files\Java\jdk1.8.0_162\jre\bin\api-ms-win-core-debug-l1-1-0.dll
0x0000000003010000 - 0x0000000003013000 	C:\Program Files\Java\jdk1.8.0_162\jre\bin\api-ms-win-core-errorhandling-l1-1-0.dll
0x0000000003020000 - 0x0000000003024000 	C:\Program Files\Java\jdk1.8.0_162\jre\bin\api-ms-win-core-file-l1-1-0.dll
0x0000000003030000 - 0x0000000003033000 	C:\Program Files\Java\jdk1.8.0_162\jre\bin\api-ms-win-core-file-l1-2-0.dll
0x0000000003040000 - 0x0000000003043000 	C:\Program Files\Java\jdk1.8.0_162\jre\bin\api-ms-win-core-file-l2-1-0.dll
0x0000000003050000 - 0x0000000003053000 	C:\Program Files\Java\jdk1.8.0_162\jre\bin\api-ms-win-core-handle-l1-1-0.dll
0x0000000003060000 - 0x0000000003063000 	C:\Program Files\Java\jdk1.8.0_162\jre\bin\api-ms-win-core-heap-l1-1-0.dll
0x00000000194b0000 - 0x00000000194b3000 	C:\Program Files\Java\jdk1.8.0_162\jre\bin\api-ms-win-core-interlocked-l1-1-0.dll
0x00000000194c0000 - 0x00000000194c3000 	C:\Program Files\Java\jdk1.8.0_162\jre\bin\api-ms-win-core-libraryloader-l1-1-0.dll
0x00000000194d0000 - 0x00000000194d3000 	C:\Program Files\Java\jdk1.8.0_162\jre\bin\api-ms-win-core-localization-l1-2-0.dll
0x00000000194e0000 - 0x00000000194e3000 	C:\Program Files\Java\jdk1.8.0_162\jre\bin\api-ms-win-core-memory-l1-1-0.dll
0x00000000194f0000 - 0x00000000194f3000 	C:\Program Files\Java\jdk1.8.0_162\jre\bin\api-ms-win-core-namedpipe-l1-1-0.dll
0x0000000019500000 - 0x0000000019503000 	C:\Program Files\Java\jdk1.8.0_162\jre\bin\api-ms-win-core-processenvironment-l1-1-0.dll
0x0000000019510000 - 0x0000000019513000 	C:\Program Files\Java\jdk1.8.0_162\jre\bin\api-ms-win-core-processthreads-l1-1-0.dll
0x0000000019520000 - 0x0000000019523000 	C:\Program Files\Java\jdk1.8.0_162\jre\bin\api-ms-win-core-processthreads-l1-1-1.dll
0x0000000019530000 - 0x0000000019533000 	C:\Program Files\Java\jdk1.8.0_162\jre\bin\api-ms-win-core-profile-l1-1-0.dll
0x0000000019540000 - 0x0000000019543000 	C:\Program Files\Java\jdk1.8.0_162\jre\bin\api-ms-win-core-rtlsupport-l1-1-0.dll
0x0000000019550000 - 0x0000000019553000 	C:\Program Files\Java\jdk1.8.0_162\jre\bin\api-ms-win-core-string-l1-1-0.dll
0x0000000019560000 - 0x0000000019563000 	C:\Program Files\Java\jdk1.8.0_162\jre\bin\api-ms-win-core-synch-l1-1-0.dll
0x0000000019570000 - 0x0000000019573000 	C:\Program Files\Java\jdk1.8.0_162\jre\bin\api-ms-win-core-synch-l1-2-0.dll
0x0000000019580000 - 0x0000000019583000 	C:\Program Files\Java\jdk1.8.0_162\jre\bin\api-ms-win-core-sysinfo-l1-1-0.dll
0x0000000019590000 - 0x0000000019593000 	C:\Program Files\Java\jdk1.8.0_162\jre\bin\api-ms-win-core-timezone-l1-1-0.dll
0x00000000195a0000 - 0x00000000195a3000 	C:\Program Files\Java\jdk1.8.0_162\jre\bin\api-ms-win-core-util-l1-1-0.dll
0x00000000195b0000 - 0x00000000195b3000 	C:\Program Files\Java\jdk1.8.0_162\jre\bin\api-ms-win-crt-conio-l1-1-0.dll
0x00000000195c0000 - 0x00000000195c4000 	C:\Program Files\Java\jdk1.8.0_162\jre\bin\api-ms-win-crt-convert-l1-1-0.dll
0x00000000195d0000 - 0x00000000195d3000 	C:\Program Files\Java\jdk1.8.0_162\jre\bin\api-ms-win-crt-environment-l1-1-0.dll
0x00000000195e0000 - 0x00000000195e3000 	C:\Program Files\Java\jdk1.8.0_162\jre\bin\api-ms-win-crt-filesystem-l1-1-0.dll
0x00000000195f0000 - 0x00000000195f3000 	C:\Program Files\Java\jdk1.8.0_162\jre\bin\api-ms-win-crt-heap-l1-1-0.dll
0x0000000019600000 - 0x0000000019603000 	C:\Program Files\Java\jdk1.8.0_162\jre\bin\api-ms-win-crt-locale-l1-1-0.dll
0x0000000019610000 - 0x0000000019615000 	C:\Program Files\Java\jdk1.8.0_162\jre\bin\api-ms-win-crt-math-l1-1-0.dll
0x0000000019620000 - 0x0000000019625000 	C:\Program Files\Java\jdk1.8.0_162\jre\bin\api-ms-win-crt-multibyte-l1-1-0.dll
0x0000000019630000 - 0x0000000019640000 	C:\Program Files\Java\jdk1.8.0_162\jre\bin\api-ms-win-crt-private-l1-1-0.dll
0x0000000019640000 - 0x0000000019643000 	C:\Program Files\Java\jdk1.8.0_162\jre\bin\api-ms-win-crt-process-l1-1-0.dll
0x0000000019650000 - 0x0000000019654000 	C:\Program Files\Java\jdk1.8.0_162\jre\bin\api-ms-win-crt-runtime-l1-1-0.dll
0x0000000019660000 - 0x0000000019664000 	C:\Program Files\Java\jdk1.8.0_162\jre\bin\api-ms-win-crt-stdio-l1-1-0.dll
0x0000000019670000 - 0x0000000019674000 	C:\Program Files\Java\jdk1.8.0_162\jre\bin\api-ms-win-crt-string-l1-1-0.dll
0x0000000019680000 - 0x0000000019683000 	C:\Program Files\Java\jdk1.8.0_162\jre\bin\api-ms-win-crt-time-l1-1-0.dll
0x0000000019690000 - 0x0000000019693000 	C:\Program Files\Java\jdk1.8.0_162\jre\bin\api-ms-win-crt-utility-l1-1-0.dll
0x00007ff8d35e0000 - 0x00007ff8d36d6000 	C:\Program Files\Java\jdk1.8.0_162\jre\bin\ucrtbase.dll
0x00007ff8e1780000 - 0x00007ff8e17d1000 	C:\Program Files\Java\jdk1.8.0_162\jre\bin\concrt140.dll
0x00007ff8de370000 - 0x00007ff8de40e000 	C:\Windows\SYSTEM32\MSVCP140.dll
0x00007ff8ea6e0000 - 0x00007ff8ea6f7000 	C:\Windows\SYSTEM32\VCRUNTIME140.dll
0x00007ff8f72a0000 - 0x00007ff8f72ab000 	C:\Windows\SYSTEM32\CRYPTBASE.DLL
0x00007ff8e85b0000 - 0x00007ff8e85c6000 	C:\Program Files\Java\jdk1.8.0_162\jre\bin\vcruntime140.dll
0x00007ff8d3540000 - 0x00007ff8d35dc000 	C:\Program Files\Java\jdk1.8.0_162\jre\bin\msvcp140.dll
0x0000000069b80000 - 0x0000000069ba3000 	C:\Program Files\Java\jdk1.8.0_162\jre\bin\prism_d3d.dll
0x00007ff8cd530000 - 0x00007ff8cd6c5000 	C:\Windows\system32\d3d9.dll
0x00007ff8f5d20000 - 0x00007ff8f5d4a000 	C:\Windows\SYSTEM32\dwmapi.dll
0x00007ff8f5ab0000 - 0x00007ff8f5b45000 	C:\Windows\system32\uxtheme.dll
0x00007ff8c1950000 - 0x00007ff8c3e8d000 	C:\Windows\SYSTEM32\igdumdim64.dll
0x00007ff8f8a10000 - 0x00007ff8f8ad5000 	C:\Windows\System32\OLEAUT32.dll
0x00007ff8f9080000 - 0x00007ff8f91c9000 	C:\Windows\System32\ole32.dll
0x00007ff8fa780000 - 0x00007ff8fabce000 	C:\Windows\System32\SETUPAPI.dll
0x0000000069b30000 - 0x0000000069b79000 	C:\Program Files\Java\jdk1.8.0_162\jre\bin\glass.dll
0x00007ff8fabd0000 - 0x00007ff8facda000 	C:\Windows\System32\COMDLG32.dll
0x00007ff8f91d0000 - 0x00007ff8f9337000 	C:\Windows\System32\MSCTF.dll
0x00007ff8ef4f0000 - 0x00007ff8eff30000 	C:\Windows\SYSTEM32\igdusc64.dll
0x0000000069b10000 - 0x0000000069b24000 	C:\Program Files\Java\jdk1.8.0_162\jre\bin\javafx_font.dll
0x00007ff8e1e20000 - 0x00007ff8e212f000 	C:\Windows\SYSTEM32\dwrite.dll
0x0000000069c60000 - 0x0000000069c7a000 	C:\Program Files\Java\jdk1.8.0_162\jre\bin\net.dll
0x00007ff8e5000000 - 0x00007ff8e5016000 	C:\Windows\system32\napinsp.dll
0x00007ff8e4fe0000 - 0x00007ff8e4ffa000 	C:\Windows\system32\pnrpnsp.dll
0x00007ff8f4140000 - 0x00007ff8f4158000 	C:\Windows\system32\NLAapi.dll
0x00007ff8f6e30000 - 0x00007ff8f6ee6000 	C:\Windows\SYSTEM32\DNSAPI.dll
0x00007ff8f8c40000 - 0x00007ff8f8c48000 	C:\Windows\System32\NSI.dll
0x00007ff8f6df0000 - 0x00007ff8f6e29000 	C:\Windows\SYSTEM32\IPHLPAPI.DLL
0x00007ff8e56b0000 - 0x00007ff8e56be000 	C:\Windows\System32\winrnr.dll
0x00007ff8dd0f0000 - 0x00007ff8dd105000 	C:\Windows\System32\wshbth.dll
0x00007ff8ebbb0000 - 0x00007ff8ebbba000 	C:\Windows\System32\rasadhlp.dll
0x00007ff8ec260000 - 0x00007ff8ec2d0000 	C:\Windows\System32\fwpuclnt.dll
0x00007ff8f7390000 - 0x00007ff8f73b5000 	C:\Windows\SYSTEM32\bcrypt.dll
0x00007ff8ecc00000 - 0x00007ff8ecc16000 	C:\Windows\SYSTEM32\dhcpcsvc6.DLL
0x00007ff8ed200000 - 0x00007ff8ed21a000 	C:\Windows\SYSTEM32\dhcpcsvc.DLL
0x00007ff8fad40000 - 0x00007ff8fadde000 	C:\Windows\System32\clbcatq.dll
0x00007ff8f2a80000 - 0x00007ff8f2c2b000 	C:\Windows\SYSTEM32\WindowsCodecs.dll
0x00007ff8ebc30000 - 0x00007ff8ebc7f000 	C:\Windows\system32\dataexchange.dll
0x00007ff8f4890000 - 0x00007ff8f4b71000 	C:\Windows\system32\d3d11.dll
0x00007ff8f5280000 - 0x00007ff8f53c2000 	C:\Windows\system32\dcomp.dll
0x00007ff8f66a0000 - 0x00007ff8f674f000 	C:\Windows\system32\dxgi.dll
0x00007ff8f5e60000 - 0x00007ff8f5fdb000 	C:\Windows\system32\twinapi.appcore.dll
0x00007ff8f5e10000 - 0x00007ff8f5e30000 	C:\Windows\system32\RMCLIENT.dll
0x00007ff8e02d0000 - 0x00007ff8e0304000 	C:\Program Files\Common Files\Microsoft Shared\Ink\rtscom.dll
0x00007ff8ea190000 - 0x00007ff8ea228000 	C:\Windows\System32\TextInputFramework.dll
0x00007ff8f25f0000 - 0x00007ff8f28de000 	C:\Windows\System32\CoreUIComponents.dll

VM Arguments:
jvm_args: -agentlib:jdwp=transport=dt_socket,address=127.0.0.1:6077,suspend=y,server=n -javaagent:C:\Users\Ragib\.IntelliJIdea2017.3\system\captureAgent\debugger-agent.jar=C:\Users\Ragib\AppData\Local\Temp\capture1661.props -Dfile.encoding=UTF-8 
java_command: sample.Main
java_class_path (initial): C:\Program Files\Java\jdk1.8.0_162\jre\lib\charsets.jar;C:\Program Files\Java\jdk1.8.0_162\jre\lib\deploy.jar;C:\Program Files\Java\jdk1.8.0_162\jre\lib\ext\access-bridge-64.jar;C:\Program Files\Java\jdk1.8.0_162\jre\lib\ext\cldrdata.jar;C:\Program Files\Java\jdk1.8.0_162\jre\lib\ext\dnsns.jar;C:\Program Files\Java\jdk1.8.0_162\jre\lib\ext\jaccess.jar;C:\Program Files\Java\jdk1.8.0_162\jre\lib\ext\jfxrt.jar;C:\Program Files\Java\jdk1.8.0_162\jre\lib\ext\localedata.jar;C:\Program Files\Java\jdk1.8.0_162\jre\lib\ext\nashorn.jar;C:\Program Files\Java\jdk1.8.0_162\jre\lib\ext\sunec.jar;C:\Program Files\Java\jdk1.8.0_162\jre\lib\ext\sunjce_provider.jar;C:\Program Files\Java\jdk1.8.0_162\jre\lib\ext\sunmscapi.jar;C:\Program Files\Java\jdk1.8.0_162\jre\lib\ext\sunpkcs11.jar;C:\Program Files\Java\jdk1.8.0_162\jre\lib\ext\zipfs.jar;C:\Program Files\Java\jdk1.8.0_162\jre\lib\javaws.jar;C:\Program Files\Java\jdk1.8.0_162\jre\lib\jce.jar;C:\Program Files\Java\jdk1.8.0_162\jre\lib\jfr.jar;C:\Program Files\Java\jdk1.8.0_162\jre\lib\jfxswt.jar;C:\Program Files\Java\jdk1.8.0_162\jre\lib\jsse.jar;C:\Program Files\Java\jdk1.8.0_162\jre\lib\management-agent.jar;C:\Program Files\Java\jdk1.8.0_162\jre\lib\plugin.jar;C:\Program Files\Java\jdk1.8.0_162\jre\lib\resources.jar;C:\Program Files\Java\jdk1.8.0_162\jre\lib\rt.jar;C:\Users\Ragib\IdeaProjects\LocalShare\out\production\LocalShare;C:\Program Files\JetBrains\IntelliJ IDEA 2017.3\lib\idea_rt.jar;C:\Users\Ragib\.IntelliJIdea2017.3\system\captureAgent\debugger-agent.jar
Launcher Type: SUN_STANDARD

Environment Variables:
PATH=C:\ProgramData\Oracle\Java\javapath;C:\Program Files\Broadcom\Broadcom 802.11 Network Adapter;;;;C:\Windows\system32;C:\Windows;C:\Windows\System32\Wbem;C:\Windows\System32\WindowsPowerShell\v1.0\;C:\Users\Ragib\AppData\Local\Microsoft\WindowsApps;
USERNAME=Ragib
OS=Windows_NT
PROCESSOR_IDENTIFIER=Intel64 Family 6 Model 69 Stepping 1, GenuineIntel



---------------  S Y S T E M  ---------------

OS: Windows 10.0 , 64 bit Build 16299 (10.0.16299.15)

CPU:total 4 (initial active 4) (2 cores per cpu, 2 threads per core) family 6 model 69 stepping 1, cmov, cx8, fxsr, mmx, sse, sse2, sse3, ssse3, sse4.1, sse4.2, popcnt, avx, avx2, aes, clmul, erms, lzcnt, ht, tsc, tscinvbit, bmi1, bmi2

Memory: 4k page, physical 4113804k(1042180k free), swap 6287040k(1437048k free)

vm_info: Java HotSpot(TM) 64-Bit Server VM (25.162-b12) for windows-amd64 JRE (1.8.0_162-b12), built on Dec 19 2017 20:00:03 by "java_re" with MS VC++ 10.0 (VS2010)

time: Sat Jan 27 18:07:34 2018
elapsed time: 11 seconds (0d 0h 0m 11s)

